[INFO] Error stacktraces are turned on.
[INFO] Scanning for projects...
Downloading: http://snapshots.repository.codehaus.org/org/mule/tools/maven-metadata.xml
Downloading: https://repository.mulesoft.org/releases/org/apache/maven/plugins/maven-metadata.xml
Downloading: http://snapshots.repository.codehaus.org/org/apache/maven/plugins/maven-metadata.xml
Downloading: https://repository.mulesoft.org/releases/org/mule/tools/maven-metadata.xml
Downloading: https://repository.mulesoft.org/releases/org/codehaus/mojo/maven-metadata.xml
Downloaded: http://snapshots.repository.codehaus.org/org/mule/tools/maven-metadata.xml (3 KB at 3.0 KB/sec)
Downloading: http://snapshots.repository.codehaus.org/org/codehaus/mojo/maven-metadata.xml
Jul 26, 2013 4:41:20 PM org.apache.maven.wagon.providers.http.httpclient.client.protocol.ResponseProcessCookies processCookies
WARNING: Cookie rejected: "[version: 0][name: rememberMe][value: deleteMe][domain: repository.mulesoft.org][path: /nexus][expiry: Fri Jul 26 16:41:20 GMT-03:00 2013]". Illegal path attribute "/nexus". Path of origin: "/releases/org/apache/maven/plugins/maven-metadata.xml"
Downloaded: http://snapshots.repository.codehaus.org/org/codehaus/mojo/maven-metadata.xml (18 KB at 24.3 KB/sec)
Jul 26, 2013 4:41:20 PM org.apache.maven.wagon.providers.http.httpclient.client.protocol.ResponseProcessCookies processCookies
WARNING: Cookie rejected: "[version: 0][name: rememberMe][value: deleteMe][domain: repository.mulesoft.org][path: /nexus][expiry: Fri Jul 26 16:41:20 GMT-03:00 2013]". Illegal path attribute "/nexus". Path of origin: "/releases/org/codehaus/mojo/maven-metadata.xml"
Jul 26, 2013 4:41:20 PM org.apache.maven.wagon.providers.http.httpclient.client.protocol.ResponseProcessCookies processCookies
WARNING: Cookie rejected: "[version: 0][name: rememberMe][value: deleteMe][domain: repository.mulesoft.org][path: /nexus][expiry: Fri Jul 26 16:41:20 GMT-03:00 2013]". Illegal path attribute "/nexus". Path of origin: "/releases/org/apache/maven/plugins/maven-metadata.xml.sha1"
Downloaded: https://repository.mulesoft.org/releases/org/apache/maven/plugins/maven-metadata.xml (567 B at 0.3 KB/sec)
Jul 26, 2013 4:41:25 PM org.apache.maven.wagon.providers.http.httpclient.client.protocol.ResponseProcessCookies processCookies
WARNING: Cookie rejected: "[version: 0][name: rememberMe][value: deleteMe][domain: repository.mulesoft.org][path: /nexus][expiry: Fri Jul 26 16:41:25 GMT-03:00 2013]". Illegal path attribute "/nexus". Path of origin: "/releases/org/mule/tools/maven-metadata.xml"
Jul 26, 2013 4:41:25 PM org.apache.maven.wagon.providers.http.httpclient.client.protocol.ResponseProcessCookies processCookies
WARNING: Cookie rejected: "[version: 0][name: rememberMe][value: deleteMe][domain: repository.mulesoft.org][path: /nexus][expiry: Fri Jul 26 16:41:25 GMT-03:00 2013]". Illegal path attribute "/nexus". Path of origin: "/releases/org/mule/tools/maven-metadata.xml.sha1"
Downloaded: https://repository.mulesoft.org/releases/org/mule/tools/maven-metadata.xml (1 KB at 0.1 KB/sec)
Downloading: https://repository.mulesoft.org/releases/org/apache/maven/plugins/maven-archetype-plugin/maven-metadata.xml
Downloading: http://snapshots.repository.codehaus.org/org/apache/maven/plugins/maven-archetype-plugin/maven-metadata.xml
Jul 26, 2013 4:41:26 PM org.apache.maven.wagon.providers.http.httpclient.client.protocol.ResponseProcessCookies processCookies
WARNING: Cookie rejected: "[version: 0][name: rememberMe][value: deleteMe][domain: repository.mulesoft.org][path: /nexus][expiry: Fri Jul 26 16:41:26 GMT-03:00 2013]". Illegal path attribute "/nexus". Path of origin: "/releases/org/apache/maven/plugins/maven-archetype-plugin/maven-metadata.xml"
[INFO]                                                                         
[INFO] ------------------------------------------------------------------------
[INFO] Building Maven Stub Project (No POM) 1
[INFO] ------------------------------------------------------------------------
[INFO] 
[INFO] >>> maven-archetype-plugin:2.2:generate (default-cli) @ standalone-pom >>>
[INFO] 
[INFO] <<< maven-archetype-plugin:2.2:generate (default-cli) @ standalone-pom <<<
[INFO] 
[INFO] --- maven-archetype-plugin:2.2:generate (default-cli) @ standalone-pom ---
[INFO] Generating project in Batch mode
[WARNING] Archetype not found in any catalog. Falling back to central repository (http://repo1.maven.org/maven2).
[WARNING] Use -DarchetypeRepository=<your repository> if archetype's repository is elsewhere.
Downloading: http://repo1.maven.org/maven2/org/mule/tools/appkit/mule-appkit-archetype-mule-app/3.5-SNAPSHOT/maven-metadata.xml
Downloading: http://dev.ee.mulesource.com/repository/content/repositories/public/org/mule/tools/appkit/mule-appkit-archetype-mule-app/3.5-SNAPSHOT/maven-metadata.xml
Downloading: https://repository.jboss.org/nexus/content/repositories/org/mule/tools/appkit/mule-appkit-archetype-mule-app/3.5-SNAPSHOT/maven-metadata.xml
Downloading: https://repository.mulesoft.org/releases/org/mule/tools/appkit/mule-appkit-archetype-mule-app/3.5-SNAPSHOT/maven-metadata.xml
Jul 26, 2013 4:41:33 PM org.apache.maven.wagon.providers.http.httpclient.client.protocol.ResponseProcessCookies processCookies
WARNING: Cookie rejected: "[version: 0][name: rememberMe][value: deleteMe][domain: repository.mulesoft.org][path: /nexus][expiry: Fri Jul 26 16:41:33 GMT-03:00 2013]". Illegal path attribute "/nexus". Path of origin: "/releases/org/mule/tools/appkit/mule-appkit-archetype-mule-app/3.5-SNAPSHOT/maven-metadata.xml"
Downloading: http://dev.ee.mulesource.com/repository/content/repositories/mule-ee-dependencies/org/mule/tools/appkit/mule-appkit-archetype-mule-app/3.5-SNAPSHOT/maven-metadata.xml
Downloading: http://dev.ee.mulesource.com/repository/content/repositories/snapshots/org/mule/tools/appkit/mule-appkit-archetype-mule-app/3.5-SNAPSHOT/maven-metadata.xml
Downloading: https://repository.mulesoft.org/nexus-ee/content/repositories/releases-ee/org/mule/tools/appkit/mule-appkit-archetype-mule-app/3.5-SNAPSHOT/maven-metadata.xml
Jul 26, 2013 4:41:34 PM org.apache.maven.wagon.providers.http.httpclient.client.protocol.ResponseProcessCookies processCookies
WARNING: Cookie rejected: "[version: 0][name: rememberMe][value: deleteMe][domain: repository.mulesoft.org][path: /nexus][expiry: Fri Jul 26 16:41:34 GMT-03:00 2013]". Illegal path attribute "/nexus". Path of origin: "/nexus-ee/content/repositories/releases-ee/org/mule/tools/appkit/mule-appkit-archetype-mule-app/3.5-SNAPSHOT/maven-metadata.xml"
Jul 26, 2013 4:41:34 PM org.apache.maven.wagon.providers.http.httpclient.client.protocol.ResponseProcessCookies processCookies
WARNING: Cookie rejected: "[version: 0][name: rememberMe][value: deleteMe][domain: repository.mulesoft.org][path: /nexus][expiry: Fri Jul 26 16:41:34 GMT-03:00 2013]". Illegal path attribute "/nexus". Path of origin: "/nexus-ee/content/repositories/releases-ee/org/mule/tools/appkit/mule-appkit-archetype-mule-app/3.5-SNAPSHOT/maven-metadata.xml"
Downloading: http://repo1.maven.org/maven2/org/mule/tools/appkit/mule-appkit-archetype-mule-app/3.5-SNAPSHOT/mule-appkit-archetype-mule-app-3.5-SNAPSHOT.jar
Downloading: https://repository.jboss.org/nexus/content/repositories/org/mule/tools/appkit/mule-appkit-archetype-mule-app/3.5-SNAPSHOT/mule-appkit-archetype-mule-app-3.5-SNAPSHOT.jar
Downloading: http://dev.ee.mulesource.com/repository/content/repositories/public/org/mule/tools/appkit/mule-appkit-archetype-mule-app/3.5-SNAPSHOT/mule-appkit-archetype-mule-app-3.5-SNAPSHOT.jar
Downloading: https://repository.mulesoft.org/releases/org/mule/tools/appkit/mule-appkit-archetype-mule-app/3.5-SNAPSHOT/mule-appkit-archetype-mule-app-3.5-SNAPSHOT.jar
Jul 26, 2013 4:41:36 PM org.apache.maven.wagon.providers.http.httpclient.client.protocol.ResponseProcessCookies processCookies
WARNING: Cookie rejected: "[version: 0][name: rememberMe][value: deleteMe][domain: repository.mulesoft.org][path: /nexus][expiry: Fri Jul 26 16:41:36 GMT-03:00 2013]". Illegal path attribute "/nexus". Path of origin: "/releases/org/mule/tools/appkit/mule-appkit-archetype-mule-app/3.5-SNAPSHOT/mule-appkit-archetype-mule-app-3.5-SNAPSHOT.jar"
Downloading: http://dev.ee.mulesource.com/repository/content/repositories/mule-ee-dependencies/org/mule/tools/appkit/mule-appkit-archetype-mule-app/3.5-SNAPSHOT/mule-appkit-archetype-mule-app-3.5-SNAPSHOT.jar
Downloading: http://dev.ee.mulesource.com/repository/content/repositories/snapshots/org/mule/tools/appkit/mule-appkit-archetype-mule-app/3.5-SNAPSHOT/mule-appkit-archetype-mule-app-3.5-SNAPSHOT.jar
Downloading: https://repository.mulesoft.org/nexus-ee/content/repositories/releases-ee/org/mule/tools/appkit/mule-appkit-archetype-mule-app/3.5-SNAPSHOT/mule-appkit-archetype-mule-app-3.5-SNAPSHOT.jar
Jul 26, 2013 4:41:37 PM org.apache.maven.wagon.providers.http.httpclient.client.protocol.ResponseProcessCookies processCookies
WARNING: Cookie rejected: "[version: 0][name: rememberMe][value: deleteMe][domain: repository.mulesoft.org][path: /nexus][expiry: Fri Jul 26 16:41:37 GMT-03:00 2013]". Illegal path attribute "/nexus". Path of origin: "/nexus-ee/content/repositories/releases-ee/org/mule/tools/appkit/mule-appkit-archetype-mule-app/3.5-SNAPSHOT/mule-appkit-archetype-mule-app-3.5-SNAPSHOT.jar"
Jul 26, 2013 4:41:37 PM org.apache.maven.wagon.providers.http.httpclient.client.protocol.ResponseProcessCookies processCookies
WARNING: Cookie rejected: "[version: 0][name: rememberMe][value: deleteMe][domain: repository.mulesoft.org][path: /nexus][expiry: Fri Jul 26 16:41:37 GMT-03:00 2013]". Illegal path attribute "/nexus". Path of origin: "/nexus-ee/content/repositories/releases-ee/org/mule/tools/appkit/mule-appkit-archetype-mule-app/3.5-SNAPSHOT/mule-appkit-archetype-mule-app-3.5-SNAPSHOT.jar"
[INFO] ------------------------------------------------------------------------
[INFO] BUILD FAILURE
[INFO] ------------------------------------------------------------------------
[INFO] Total time: 19.784s
[INFO] Finished at: Fri Jul 26 16:41:37 GMT-03:00 2013
[INFO] Final Memory: 10M/81M
[INFO] ------------------------------------------------------------------------
[ERROR] Failed to execute goal org.apache.maven.plugins:maven-archetype-plugin:2.2:generate (default-cli) on project standalone-pom: The desired archetype does not exist (org.mule.tools.appkit:mule-appkit-archetype-mule-app:3.5-SNAPSHOT) -> [Help 1]
org.apache.maven.lifecycle.LifecycleExecutionException: Failed to execute goal org.apache.maven.plugins:maven-archetype-plugin:2.2:generate (default-cli) on project standalone-pom: The desired archetype does not exist (org.mule.tools.appkit:mule-appkit-archetype-mule-app:3.5-SNAPSHOT)
	at org.apache.maven.lifecycle.internal.MojoExecutor.execute(MojoExecutor.java:213)
	at org.apache.maven.lifecycle.internal.MojoExecutor.execute(MojoExecutor.java:153)
	at org.apache.maven.lifecycle.internal.MojoExecutor.execute(MojoExecutor.java:145)
	at org.apache.maven.lifecycle.internal.LifecycleModuleBuilder.buildProject(LifecycleModuleBuilder.java:84)
	at org.apache.maven.lifecycle.internal.LifecycleModuleBuilder.buildProject(LifecycleModuleBuilder.java:59)
	at org.apache.maven.lifecycle.internal.LifecycleStarter.singleThreadedBuild(LifecycleStarter.java:183)
	at org.apache.maven.lifecycle.internal.LifecycleStarter.execute(LifecycleStarter.java:161)
	at org.apache.maven.DefaultMaven.doExecute(DefaultMaven.java:320)
	at org.apache.maven.DefaultMaven.execute(DefaultMaven.java:156)
	at org.apache.maven.cli.MavenCli.execute(MavenCli.java:537)
	at org.apache.maven.cli.MavenCli.doMain(MavenCli.java:196)
	at org.apache.maven.cli.MavenCli.main(MavenCli.java:141)
	at sun.reflect.NativeMethodAccessorImpl.invoke0(Native Method)
	at sun.reflect.NativeMethodAccessorImpl.invoke(NativeMethodAccessorImpl.java:39)
	at sun.reflect.DelegatingMethodAccessorImpl.invoke(DelegatingMethodAccessorImpl.java:25)
	at java.lang.reflect.Method.invoke(Method.java:597)
	at org.codehaus.plexus.classworlds.launcher.Launcher.launchEnhanced(Launcher.java:290)
	at org.codehaus.plexus.classworlds.launcher.Launcher.launch(Launcher.java:230)
	at org.codehaus.plexus.classworlds.launcher.Launcher.mainWithExitCode(Launcher.java:409)
	at org.codehaus.plexus.classworlds.launcher.Launcher.main(Launcher.java:352)
Caused by: org.apache.maven.plugin.MojoFailureException: The desired archetype does not exist (org.mule.tools.appkit:mule-appkit-archetype-mule-app:3.5-SNAPSHOT)
	at org.apache.maven.archetype.mojos.CreateProjectFromArchetypeMojo.execute(CreateProjectFromArchetypeMojo.java:221)
	at org.apache.maven.plugin.DefaultBuildPluginManager.executeMojo(DefaultBuildPluginManager.java:101)
	at org.apache.maven.lifecycle.internal.MojoExecutor.execute(MojoExecutor.java:209)
	... 19 more
Caused by: org.apache.maven.archetype.exception.UnknownArchetype: The desired archetype does not exist (org.mule.tools.appkit:mule-appkit-archetype-mule-app:3.5-SNAPSHOT)
	at org.apache.maven.archetype.ui.generation.DefaultArchetypeGenerationConfigurator.configureArchetype(DefaultArchetypeGenerationConfigurator.java:117)
	at org.apache.maven.archetype.mojos.CreateProjectFromArchetypeMojo.execute(CreateProjectFromArchetypeMojo.java:205)
	... 21 more
[ERROR] 
[ERROR] Re-run Maven using the -X switch to enable full debug logging.
[ERROR] 
[ERROR] For more information about the errors and possible solutions, please read the following articles:
[ERROR] [Help 1] http://cwiki.apache.org/confluence/display/MAVEN/MojoFailureException
