-------------------------------------------------------------------------------
Test set: org.mule.appkit.it.MuleAppArchetypeIT
-------------------------------------------------------------------------------
Tests run: 1, Failures: 0, Errors: 1, Skipped: 0, Time elapsed: 20.973 sec <<< FAILURE!
testGenerateArchetype(org.mule.appkit.it.MuleAppArchetypeIT)  Time elapsed: 20.971 sec  <<< ERROR!
org.apache.maven.it.VerificationException: Exit code was non-zero: 1; command line and log = 
/usr/local/apache-maven/apache-maven-3.0.5/bin/mvn -e --batch-mode -DaddAppToClasspath=false -DarchetypeVersion=3.5-SNAPSHOT -Dmodules=client,cxf,management,scripting,sxc,xml,context,spring-security -Dtransports=file,http,jdbc,jms,vm -DgroupId=com.mulesoft.support -DmuleVersion=3.3.0 -DarchetypeArtifactId=mule-appkit-archetype-mule-app -Dversion=1.0-SNAPSHOT -DarchetypeGroupId=org.mule.tools.appkit -DstudioNature=true -Dpackage=com.myCompany -Ddescription= -DartifactId=test-case -DEE=false -DforgeProject=n -Dmaven.repo.local=/Users/miguel/.m2/repository archetype:generate
[INFO] Error stacktraces are turned on.
[INFO] Scanning for projects...
Downloading: http://snapshots.repository.codehaus.org/org/mule/tools/maven-metadata.xml
Downloading: https://repository.mulesoft.org/releases/org/apache/maven/plugins/maven-metadata.xml
Downloading: http://snapshots.repository.codehaus.org/org/apache/maven/plugins/maven-metadata.xml
Downloading: https://repository.mulesoft.org/releases/org/mule/tools/maven-metadata.xml
Downloading: https://repository.mulesoft.org/releases/org/codehaus/mojo/maven-metadata.xml
Downloaded: http://snapshots.repository.codehaus.org/org/mule/tools/maven-metadata.xml (3 KB at 3.0 KB/sec)
Downloading: http://snapshots.repository.codehaus.org/org/codehaus/mojo/maven-metadata.xml
Jul 26, 2013 4:41:20 PM org.apache.maven.wagon.providers.http.httpclient.client.protocol.ResponseProcessCookies processCookies
WARNING: Cookie rejected: "[version: 0][name: rememberMe][value: deleteMe][domain: repository.mulesoft.org][path: /nexus][expiry: Fri Jul 26 16:41:20 GMT-03:00 2013]". Illegal path attribute "/nexus". Path of origin: "/releases/org/apache/maven/plugins/maven-metadata.xml"
Downloaded: http://snapshots.repository.codehaus.org/org/codehaus/mojo/maven-metadata.xml (18 KB at 24.3 KB/sec)
Jul 26, 2013 4:41:20 PM org.apache.maven.wagon.providers.http.httpclient.client.protocol.ResponseProcessCookies processCookies
WARNING: Cookie rejected: "[version: 0][name: rememberMe][value: deleteMe][domain: repository.mulesoft.org][path: /nexus][expiry: Fri Jul 26 16:41:20 GMT-03:00 2013]". Illegal path attribute "/nexus". Path of origin: "/releases/org/codehaus/mojo/maven-metadata.xml"
Jul 26, 2013 4:41:20 PM org.apache.maven.wagon.providers.http.httpclient.client.protocol.ResponseProcessCookies processCookies
WARNING: Cookie rejected: "[version: 0][name: rememberMe][value: deleteMe][domain: repository.mulesoft.org][path: /nexus][expiry: Fri Jul 26 16:41:20 GMT-03:00 2013]". Illegal path attribute "/nexus". Path of origin: "/releases/org/apache/maven/plugins/maven-metadata.xml.sha1"
Downloaded: https://repository.mulesoft.org/releases/org/apache/maven/plugins/maven-metadata.xml (567 B at 0.3 KB/sec)
Jul 26, 2013 4:41:25 PM org.apache.maven.wagon.providers.http.httpclient.client.protocol.ResponseProcessCookies processCookies
WARNING: Cookie rejected: "[version: 0][name: rememberMe][value: deleteMe][domain: repository.mulesoft.org][path: /nexus][expiry: Fri Jul 26 16:41:25 GMT-03:00 2013]". Illegal path attribute "/nexus". Path of origin: "/releases/org/mule/tools/maven-metadata.xml"
Jul 26, 2013 4:41:25 PM org.apache.maven.wagon.providers.http.httpclient.client.protocol.ResponseProcessCookies processCookies
WARNING: Cookie rejected: "[version: 0][name: rememberMe][value: deleteMe][domain: repository.mulesoft.org][path: /nexus][expiry: Fri Jul 26 16:41:25 GMT-03:00 2013]". Illegal path attribute "/nexus". Path of origin: "/releases/org/mule/tools/maven-metadata.xml.sha1"
Downloaded: https://repository.mulesoft.org/releases/org/mule/tools/maven-metadata.xml (1 KB at 0.1 KB/sec)
Downloading: https://repository.mulesoft.org/releases/org/apache/maven/plugins/maven-archetype-plugin/maven-metadata.xml
Downloading: http://snapshots.repository.codehaus.org/org/apache/maven/plugins/maven-archetype-plugin/maven-metadata.xml
Jul 26, 2013 4:41:26 PM org.apache.maven.wagon.providers.http.httpclient.client.protocol.ResponseProcessCookies processCookies
WARNING: Cookie rejected: "[version: 0][name: rememberMe][value: deleteMe][domain: repository.mulesoft.org][path: /nexus][expiry: Fri Jul 26 16:41:26 GMT-03:00 2013]". Illegal path attribute "/nexus". Path of origin: "/releases/org/apache/maven/plugins/maven-archetype-plugin/maven-metadata.xml"
[INFO]                                                                         
[INFO] ------------------------------------------------------------------------
[INFO] Building Maven Stub Project (No POM) 1
[INFO] ------------------------------------------------------------------------
[INFO] 
[INFO] >>> maven-archetype-plugin:2.2:generate (default-cli) @ standalone-pom >>>
[INFO] 
[INFO] <<< maven-archetype-plugin:2.2:generate (default-cli) @ standalone-pom <<<
[INFO] 
[INFO] --- maven-archetype-plugin:2.2:generate (default-cli) @ standalone-pom ---
[INFO] Generating project in Batch mode
[WARNING] Archetype not found in any catalog. Falling back to central repository (http://repo1.maven.org/maven2).
[WARNING] Use -DarchetypeRepository=<your repository> if archetype's repository is elsewhere.
Downloading: http://repo1.maven.org/maven2/org/mule/tools/appkit/mule-appkit-archetype-mule-app/3.5-SNAPSHOT/maven-metadata.xml
Downloading: http://dev.ee.mulesource.com/repository/content/repositories/public/org/mule/tools/appkit/mule-appkit-archetype-mule-app/3.5-SNAPSHOT/maven-metadata.xml
Downloading: https://repository.jboss.org/nexus/content/repositories/org/mule/tools/appkit/mule-appkit-archetype-mule-app/3.5-SNAPSHOT/maven-metadata.xml
Downloading: https://repository.mulesoft.org/releases/org/mule/tools/appkit/mule-appkit-archetype-mule-app/3.5-SNAPSHOT/maven-metadata.xml
Jul 26, 2013 4:41:33 PM org.apache.maven.wagon.providers.http.httpclient.client.protocol.ResponseProcessCookies processCookies
WARNING: Cookie rejected: "[version: 0][name: rememberMe][value: deleteMe][domain: repository.mulesoft.org][path: /nexus][expiry: Fri Jul 26 16:41:33 GMT-03:00 2013]". Illegal path attribute "/nexus". Path of origin: "/releases/org/mule/tools/appkit/mule-appkit-archetype-mule-app/3.5-SNAPSHOT/maven-metadata.xml"
Downloading: http://dev.ee.mulesource.com/repository/content/repositories/mule-ee-dependencies/org/mule/tools/appkit/mule-appkit-archetype-mule-app/3.5-SNAPSHOT/maven-metadata.xml
Downloading: http://dev.ee.mulesource.com/repository/content/repositories/snapshots/org/mule/tools/appkit/mule-appkit-archetype-mule-app/3.5-SNAPSHOT/maven-metadata.xml
Downloading: https://repository.mulesoft.org/nexus-ee/content/repositories/releases-ee/org/mule/tools/appkit/mule-appkit-archetype-mule-app/3.5-SNAPSHOT/maven-metadata.xml
Jul 26, 2013 4:41:34 PM org.apache.maven.wagon.providers.http.httpclient.client.protocol.ResponseProcessCookies processCookies
WARNING: Cookie rejected: "[version: 0][name: rememberMe][value: deleteMe][domain: repository.mulesoft.org][path: /nexus][expiry: Fri Jul 26 16:41:34 GMT-03:00 2013]". Illegal path attribute "/nexus". Path of origin: "/nexus-ee/content/repositories/releases-ee/org/mule/tools/appkit/mule-appkit-archetype-mule-app/3.5-SNAPSHOT/maven-metadata.xml"
Jul 26, 2013 4:41:34 PM org.apache.maven.wagon.providers.http.httpclient.client.protocol.ResponseProcessCookies processCookies
WARNING: Cookie rejected: "[version: 0][name: rememberMe][value: deleteMe][domain: repository.mulesoft.org][path: /nexus][expiry: Fri Jul 26 16:41:34 GMT-03:00 2013]". Illegal path attribute "/nexus". Path of origin: "/nexus-ee/content/repositories/releases-ee/org/mule/tools/appkit/mule-appkit-archetype-mule-app/3.5-SNAPSHOT/maven-metadata.xml"
Downloading: http://repo1.maven.org/maven2/org/mule/tools/appkit/mule-appkit-archetype-mule-app/3.5-SNAPSHOT/mule-appkit-archetype-mule-app-3.5-SNAPSHOT.jar
Downloading: https://repository.jboss.org/nexus/content/repositories/org/mule/tools/appkit/mule-appkit-archetype-mule-app/3.5-SNAPSHOT/mule-appkit-archetype-mule-app-3.5-SNAPSHOT.jar
Downloading: http://dev.ee.mulesource.com/repository/content/repositories/public/org/mule/tools/appkit/mule-appkit-archetype-mule-app/3.5-SNAPSHOT/mule-appkit-archetype-mule-app-3.5-SNAPSHOT.jar
Downloading: https://repository.mulesoft.org/releases/org/mule/tools/appkit/mule-appkit-archetype-mule-app/3.5-SNAPSHOT/mule-appkit-archetype-mule-app-3.5-SNAPSHOT.jar
Jul 26, 2013 4:41:36 PM org.apache.maven.wagon.providers.http.httpclient.client.protocol.ResponseProcessCookies processCookies
WARNING: Cookie rejected: "[version: 0][name: rememberMe][value: deleteMe][domain: repository.mulesoft.org][path: /nexus][expiry: Fri Jul 26 16:41:36 GMT-03:00 2013]". Illegal path attribute "/nexus". Path of origin: "/releases/org/mule/tools/appkit/mule-appkit-archetype-mule-app/3.5-SNAPSHOT/mule-appkit-archetype-mule-app-3.5-SNAPSHOT.jar"
Downloading: http://dev.ee.mulesource.com/repository/content/repositories/mule-ee-dependencies/org/mule/tools/appkit/mule-appkit-archetype-mule-app/3.5-SNAPSHOT/mule-appkit-archetype-mule-app-3.5-SNAPSHOT.jar
Downloading: http://dev.ee.mulesource.com/repository/content/repositories/snapshots/org/mule/tools/appkit/mule-appkit-archetype-mule-app/3.5-SNAPSHOT/mule-appkit-archetype-mule-app-3.5-SNAPSHOT.jar
Downloading: https://repository.mulesoft.org/nexus-ee/content/repositories/releases-ee/org/mule/tools/appkit/mule-appkit-archetype-mule-app/3.5-SNAPSHOT/mule-appkit-archetype-mule-app-3.5-SNAPSHOT.jar
Jul 26, 2013 4:41:37 PM org.apache.maven.wagon.providers.http.httpclient.client.protocol.ResponseProcessCookies processCookies
WARNING: Cookie rejected: "[version: 0][name: rememberMe][value: deleteMe][domain: repository.mulesoft.org][path: /nexus][expiry: Fri Jul 26 16:41:37 GMT-03:00 2013]". Illegal path attribute "/nexus". Path of origin: "/nexus-ee/content/repositories/releases-ee/org/mule/tools/appkit/mule-appkit-archetype-mule-app/3.5-SNAPSHOT/mule-appkit-archetype-mule-app-3.5-SNAPSHOT.jar"
Jul 26, 2013 4:41:37 PM org.apache.maven.wagon.providers.http.httpclient.client.protocol.ResponseProcessCookies processCookies
WARNING: Cookie rejected: "[version: 0][name: rememberMe][value: deleteMe][domain: repository.mulesoft.org][path: /nexus][expiry: Fri Jul 26 16:41:37 GMT-03:00 2013]". Illegal path attribute "/nexus". Path of origin: "/nexus-ee/content/repositories/releases-ee/org/mule/tools/appkit/mule-appkit-archetype-mule-app/3.5-SNAPSHOT/mule-appkit-archetype-mule-app-3.5-SNAPSHOT.jar"
[INFO] ------------------------------------------------------------------------
[INFO] BUILD FAILURE
[INFO] ------------------------------------------------------------------------
[INFO] Total time: 19.784s
[INFO] Finished at: Fri Jul 26 16:41:37 GMT-03:00 2013
[INFO] Final Memory: 10M/81M
[INFO] ------------------------------------------------------------------------
[ERROR] Failed to execute goal org.apache.maven.plugins:maven-archetype-plugin:2.2:generate (default-cli) on project standalone-pom: The desired archetype does not exist (org.mule.tools.appkit:mule-appkit-archetype-mule-app:3.5-SNAPSHOT) -> [Help 1]
org.apache.maven.lifecycle.LifecycleExecutionException: Failed to execute goal org.apache.maven.plugins:maven-archetype-plugin:2.2:generate (default-cli) on project standalone-pom: The desired archetype does not exist (org.mule.tools.appkit:mule-appkit-archetype-mule-app:3.5-SNAPSHOT)
	at org.apache.maven.lifecycle.internal.MojoExecutor.execute(MojoExecutor.java:213)
	at org.apache.maven.lifecycle.internal.MojoExecutor.execute(MojoExecutor.java:153)
	at org.apache.maven.lifecycle.internal.MojoExecutor.execute(MojoExecutor.java:145)
	at org.apache.maven.lifecycle.internal.LifecycleModuleBuilder.buildProject(LifecycleModuleBuilder.java:84)
	at org.apache.maven.lifecycle.internal.LifecycleModuleBuilder.buildProject(LifecycleModuleBuilder.java:59)
	at org.apache.maven.lifecycle.internal.LifecycleStarter.singleThreadedBuild(LifecycleStarter.java:183)
	at org.apache.maven.lifecycle.internal.LifecycleStarter.execute(LifecycleStarter.java:161)
	at org.apache.maven.DefaultMaven.doExecute(DefaultMaven.java:320)
	at org.apache.maven.DefaultMaven.execute(DefaultMaven.java:156)
	at org.apache.maven.cli.MavenCli.execute(MavenCli.java:537)
	at org.apache.maven.cli.MavenCli.doMain(MavenCli.java:196)
	at org.apache.maven.cli.MavenCli.main(MavenCli.java:141)
	at sun.reflect.NativeMethodAccessorImpl.invoke0(Native Method)
	at sun.reflect.NativeMethodAccessorImpl.invoke(NativeMethodAccessorImpl.java:39)
	at sun.reflect.DelegatingMethodAccessorImpl.invoke(DelegatingMethodAccessorImpl.java:25)
	at java.lang.reflect.Method.invoke(Method.java:597)
	at org.codehaus.plexus.classworlds.launcher.Launcher.launchEnhanced(Launcher.java:290)
	at org.codehaus.plexus.classworlds.launcher.Launcher.launch(Launcher.java:230)
	at org.codehaus.plexus.classworlds.launcher.Launcher.mainWithExitCode(Launcher.java:409)
	at org.codehaus.plexus.classworlds.launcher.Launcher.main(Launcher.java:352)
Caused by: org.apache.maven.plugin.MojoFailureException: The desired archetype does not exist (org.mule.tools.appkit:mule-appkit-archetype-mule-app:3.5-SNAPSHOT)
	at org.apache.maven.archetype.mojos.CreateProjectFromArchetypeMojo.execute(CreateProjectFromArchetypeMojo.java:221)
	at org.apache.maven.plugin.DefaultBuildPluginManager.executeMojo(DefaultBuildPluginManager.java:101)
	at org.apache.maven.lifecycle.internal.MojoExecutor.execute(MojoExecutor.java:209)
	... 19 more
Caused by: org.apache.maven.archetype.exception.UnknownArchetype: The desired archetype does not exist (org.mule.tools.appkit:mule-appkit-archetype-mule-app:3.5-SNAPSHOT)
	at org.apache.maven.archetype.ui.generation.DefaultArchetypeGenerationConfigurator.configureArchetype(DefaultArchetypeGenerationConfigurator.java:117)
	at org.apache.maven.archetype.mojos.CreateProjectFromArchetypeMojo.execute(CreateProjectFromArchetypeMojo.java:205)
	... 21 more
[ERROR] 
[ERROR] Re-run Maven using the -X switch to enable full debug logging.
[ERROR] 
[ERROR] For more information about the errors and possible solutions, please read the following articles:
[ERROR] [Help 1] http://cwiki.apache.org/confluence/display/MAVEN/MojoFailureException

	at org.apache.maven.it.Verifier.executeGoals(Verifier.java:1397)
	at org.apache.maven.it.Verifier.executeGoal(Verifier.java:1240)
	at org.apache.maven.it.Verifier.executeGoal(Verifier.java:1234)
	at org.mule.appkit.it.MuleAppArchetypeIT.testGenerateArchetype(MuleAppArchetypeIT.java:70)
	at sun.reflect.NativeMethodAccessorImpl.invoke0(Native Method)
	at sun.reflect.NativeMethodAccessorImpl.invoke(NativeMethodAccessorImpl.java:39)
	at sun.reflect.DelegatingMethodAccessorImpl.invoke(DelegatingMethodAccessorImpl.java:25)
	at java.lang.reflect.Method.invoke(Method.java:597)
	at org.junit.runners.model.FrameworkMethod$1.runReflectiveCall(FrameworkMethod.java:44)
	at org.junit.internal.runners.model.ReflectiveCallable.run(ReflectiveCallable.java:15)
	at org.junit.runners.model.FrameworkMethod.invokeExplosively(FrameworkMethod.java:41)
	at org.junit.internal.runners.statements.InvokeMethod.evaluate(InvokeMethod.java:20)
	at org.junit.internal.runners.statements.RunBefores.evaluate(RunBefores.java:28)
	at org.junit.runners.BlockJUnit4ClassRunner.runNotIgnored(BlockJUnit4ClassRunner.java:79)
	at org.junit.runners.BlockJUnit4ClassRunner.runChild(BlockJUnit4ClassRunner.java:71)
	at org.junit.runners.BlockJUnit4ClassRunner.runChild(BlockJUnit4ClassRunner.java:49)
	at org.junit.runners.ParentRunner$3.run(ParentRunner.java:193)
	at org.junit.runners.ParentRunner$1.schedule(ParentRunner.java:52)
	at org.junit.runners.ParentRunner.runChildren(ParentRunner.java:191)
	at org.junit.runners.ParentRunner.access$000(ParentRunner.java:42)
	at org.junit.runners.ParentRunner$2.evaluate(ParentRunner.java:184)
	at org.junit.runners.ParentRunner.run(ParentRunner.java:236)
	at org.apache.maven.surefire.junit4.JUnit4TestSet.execute(JUnit4TestSet.java:35)
	at org.apache.maven.surefire.junit4.JUnit4Provider.executeTestSet(JUnit4Provider.java:115)
	at org.apache.maven.surefire.junit4.JUnit4Provider.invoke(JUnit4Provider.java:97)
	at sun.reflect.NativeMethodAccessorImpl.invoke0(Native Method)
	at sun.reflect.NativeMethodAccessorImpl.invoke(NativeMethodAccessorImpl.java:39)
	at sun.reflect.DelegatingMethodAccessorImpl.invoke(DelegatingMethodAccessorImpl.java:25)
	at java.lang.reflect.Method.invoke(Method.java:597)
	at org.apache.maven.surefire.booter.ProviderFactory$ClassLoaderProxy.invoke(ProviderFactory.java:103)
	at com.sun.proxy.$Proxy16.invoke(Unknown Source)
	at org.apache.maven.surefire.booter.SurefireStarter.invokeProvider(SurefireStarter.java:150)
	at org.apache.maven.surefire.booter.SurefireStarter.runSuitesInProcess(SurefireStarter.java:91)
	at org.apache.maven.plugin.surefire.booterclient.ForkStarter.run(ForkStarter.java:105)
	at org.apache.maven.plugin.failsafe.IntegrationTestMojo.execute(IntegrationTestMojo.java:665)
	at org.apache.maven.plugin.DefaultBuildPluginManager.executeMojo(DefaultBuildPluginManager.java:101)
	at org.apache.maven.lifecycle.internal.MojoExecutor.execute(MojoExecutor.java:209)
	at org.apache.maven.lifecycle.internal.MojoExecutor.execute(MojoExecutor.java:153)
	at org.apache.maven.lifecycle.internal.MojoExecutor.execute(MojoExecutor.java:145)
	at org.apache.maven.lifecycle.internal.LifecycleModuleBuilder.buildProject(LifecycleModuleBuilder.java:84)
	at org.apache.maven.lifecycle.internal.LifecycleModuleBuilder.buildProject(LifecycleModuleBuilder.java:59)
	at org.apache.maven.lifecycle.internal.LifecycleStarter.singleThreadedBuild(LifecycleStarter.java:183)
	at org.apache.maven.lifecycle.internal.LifecycleStarter.execute(LifecycleStarter.java:161)
	at org.apache.maven.DefaultMaven.doExecute(DefaultMaven.java:320)
	at org.apache.maven.DefaultMaven.execute(DefaultMaven.java:156)
	at org.apache.maven.cli.MavenCli.execute(MavenCli.java:537)
	at org.apache.maven.cli.MavenCli.doMain(MavenCli.java:196)
	at org.apache.maven.cli.MavenCli.main(MavenCli.java:141)
	at sun.reflect.NativeMethodAccessorImpl.invoke0(Native Method)
	at sun.reflect.NativeMethodAccessorImpl.invoke(NativeMethodAccessorImpl.java:39)
	at sun.reflect.DelegatingMethodAccessorImpl.invoke(DelegatingMethodAccessorImpl.java:25)
	at java.lang.reflect.Method.invoke(Method.java:597)
	at org.codehaus.plexus.classworlds.launcher.Launcher.launchEnhanced(Launcher.java:290)
	at org.codehaus.plexus.classworlds.launcher.Launcher.launch(Launcher.java:230)
	at org.codehaus.plexus.classworlds.launcher.Launcher.mainWithExitCode(Launcher.java:409)
	at org.codehaus.plexus.classworlds.launcher.Launcher.main(Launcher.java:352)

