<?xml version="1.0" encoding="UTF-8" ?>
<testsuite failures="0" time="20.973" errors="1" skipped="0" tests="1" name="org.mule.appkit.it.MuleAppArchetypeIT">
  <properties>
    <property name="java.runtime.name" value="Java(TM) SE Runtime Environment"/>
    <property name="sun.boot.library.path" value="/System/Library/Java/JavaVirtualMachines/1.6.0.jdk/Contents/Libraries"/>
    <property name="java.vm.version" value="20.51-b01-457"/>
    <property name="awt.nativeDoubleBuffering" value="true"/>
    <property name="gopherProxySet" value="false"/>
    <property name="mrj.build" value="11M4509"/>
    <property name="java.vm.vendor" value="Apple Inc."/>
    <property name="java.vendor.url" value="http://www.apple.com/"/>
    <property name="path.separator" value=":"/>
    <property name="guice.disable.misplaced.annotation.check" value="true"/>
    <property name="java.vm.name" value="Java HotSpot(TM) 64-Bit Server VM"/>
    <property name="file.encoding.pkg" value="sun.io"/>
    <property name="user.country" value="US"/>
    <property name="sun.java.launcher" value="SUN_STANDARD"/>
    <property name="sun.os.patch.level" value="unknown"/>
    <property name="java.vm.specification.name" value="Java Virtual Machine Specification"/>
    <property name="user.dir" value="/Users/miguel/Workspace/mule-appkit/integration-tests"/>
    <property name="java.runtime.version" value="1.6.0_51-b11-457-11M4509"/>
    <property name="java.awt.graphicsenv" value="apple.awt.CGraphicsEnvironment"/>
    <property name="basedir" value="/Users/miguel/Workspace/mule-appkit/integration-tests"/>
    <property name="java.endorsed.dirs" value="/System/Library/Java/JavaVirtualMachines/1.6.0.jdk/Contents/Home/lib/endorsed"/>
    <property name="os.arch" value="x86_64"/>
    <property name="java.io.tmpdir" value="/var/folders/mm/t94qg8q95kg81m5g086b4p800000gn/T/"/>
    <property name="line.separator" value="
"/>
    <property name="java.vm.specification.vendor" value="Sun Microsystems Inc."/>
    <property name="os.name" value="Mac OS X"/>
    <property name="classworlds.conf" value="/usr/local/apache-maven/apache-maven-3.0.5/bin/m2.conf"/>
    <property name="sun.jnu.encoding" value="MacRoman"/>
    <property name="java.library.path" value=".:/Library/Java/Extensions:/System/Library/Java/Extensions:/usr/lib/java"/>
    <property name="surefire.test.class.path" value="/Users/miguel/Workspace/mule-appkit/integration-tests/target/test-classes:/Users/miguel/Workspace/mule-appkit/integration-tests/target/classes:/Users/miguel/.m2/repository/org/apache/commons/commons-io/1.3.2/commons-io-1.3.2.jar:/Users/miguel/.m2/repository/junit/junit/4.8.2/junit-4.8.2.jar:/Users/miguel/.m2/repository/org/mockito/mockito-all/1.8.5/mockito-all-1.8.5.jar:/Users/miguel/.m2/repository/org/apache/maven/shared/maven-verifier/1.3/maven-verifier-1.3.jar:"/>
    <property name="java.specification.name" value="Java Platform API Specification"/>
    <property name="java.class.version" value="50.0"/>
    <property name="sun.management.compiler" value="HotSpot 64-Bit Tiered Compilers"/>
    <property name="os.version" value="10.8.4"/>
    <property name="http.nonProxyHosts" value="local|*.local|169.254/16|*.169.254/16"/>
    <property name="user.home" value="/Users/miguel"/>
    <property name="user.timezone" value="GMT-03:00"/>
    <property name="java.awt.printerjob" value="apple.awt.CPrinterJob"/>
    <property name="java.specification.version" value="1.6"/>
    <property name="file.encoding" value="MacRoman"/>
    <property name="user.name" value="miguel"/>
    <property name="java.class.path" value="/usr/local/apache-maven/apache-maven-3.0.5/boot/plexus-classworlds-2.4.jar"/>
    <property name="archetypeVersion" value="3.5-SNAPSHOT"/>
    <property name="java.vm.specification.version" value="1.0"/>
    <property name="sun.arch.data.model" value="64"/>
    <property name="java.home" value="/System/Library/Java/JavaVirtualMachines/1.6.0.jdk/Contents/Home"/>
    <property name="sun.java.command" value="org.codehaus.plexus.classworlds.launcher.Launcher verify"/>
    <property name="java.specification.vendor" value="Sun Microsystems Inc."/>
    <property name="user.language" value="en"/>
    <property name="awt.toolkit" value="apple.awt.CToolkit"/>
    <property name="java.vm.info" value="mixed mode"/>
    <property name="java.version" value="1.6.0_51"/>
    <property name="java.ext.dirs" value="/Library/Java/Extensions:/System/Library/Java/Extensions:/System/Library/Java/JavaVirtualMachines/1.6.0.jdk/Contents/Home/lib/ext"/>
    <property name="sun.boot.class.path" value="/System/Library/Java/JavaVirtualMachines/1.6.0.jdk/Contents/Classes/jsfd.jar:/System/Library/Java/JavaVirtualMachines/1.6.0.jdk/Contents/Classes/classes.jar:/System/Library/Frameworks/JavaVM.framework/Frameworks/JavaRuntimeSupport.framework/Resources/Java/JavaRuntimeSupport.jar:/System/Library/Java/JavaVirtualMachines/1.6.0.jdk/Contents/Classes/ui.jar:/System/Library/Java/JavaVirtualMachines/1.6.0.jdk/Contents/Classes/laf.jar:/System/Library/Java/JavaVirtualMachines/1.6.0.jdk/Contents/Classes/sunrsasign.jar:/System/Library/Java/JavaVirtualMachines/1.6.0.jdk/Contents/Classes/jsse.jar:/System/Library/Java/JavaVirtualMachines/1.6.0.jdk/Contents/Classes/jce.jar:/System/Library/Java/JavaVirtualMachines/1.6.0.jdk/Contents/Classes/charsets.jar"/>
    <property name="java.vendor" value="Apple Inc."/>
    <property name="java.awt.headless" value="true"/>
    <property name="maven.home" value="/usr/local/apache-maven/apache-maven-3.0.5"/>
    <property name="localRepository" value="/Users/miguel/.m2/repository"/>
    <property name="file.separator" value="/"/>
    <property name="java.vendor.url.bug" value="http://bugreport.apple.com/"/>
    <property name="sun.cpu.endian" value="little"/>
    <property name="sun.io.unicode.encoding" value="UnicodeLittle"/>
    <property name="mrj.version" value="1070.1.6.0_51-457"/>
    <property name="socksNonProxyHosts" value="local|*.local|169.254/16|*.169.254/16"/>
    <property name="ftp.nonProxyHosts" value="local|*.local|169.254/16|*.169.254/16"/>
    <property name="sun.cpu.isalist" value=""/>
  </properties>
  <testcase time="20.971" classname="org.mule.appkit.it.MuleAppArchetypeIT" name="testGenerateArchetype">
    <error message="Exit code was non-zero: 1; command line and log = 
/usr/local/apache-maven/apache-maven-3.0.5/bin/mvn -e --batch-mode -DaddAppToClasspath=false -DarchetypeVersion=3.5-SNAPSHOT -Dmodules=client,cxf,management,scripting,sxc,xml,context,spring-security -Dtransports=file,http,jdbc,jms,vm -DgroupId=com.mulesoft.support -DmuleVersion=3.3.0 -DarchetypeArtifactId=mule-appkit-archetype-mule-app -Dversion=1.0-SNAPSHOT -DarchetypeGroupId=org.mule.tools.appkit -DstudioNature=true -Dpackage=com.myCompany -Ddescription= -DartifactId=test-case -DEE=false -DforgeProject=n -Dmaven.repo.local=/Users/miguel/.m2/repository archetype:generate
[INFO] Error stacktraces are turned on.
[INFO] Scanning for projects...
Downloading: http://snapshots.repository.codehaus.org/org/mule/tools/maven-metadata.xml
Downloading: https://repository.mulesoft.org/releases/org/apache/maven/plugins/maven-metadata.xml
Downloading: http://snapshots.repository.codehaus.org/org/apache/maven/plugins/maven-metadata.xml
Downloading: https://repository.mulesoft.org/releases/org/mule/tools/maven-metadata.xml
Downloading: https://repository.mulesoft.org/releases/org/codehaus/mojo/maven-metadata.xml
Downloaded: http://snapshots.repository.codehaus.org/org/mule/tools/maven-metadata.xml (3 KB at 3.0 KB/sec)
Downloading: http://snapshots.repository.codehaus.org/org/codehaus/mojo/maven-metadata.xml
Jul 26, 2013 4:41:20 PM org.apache.maven.wagon.providers.http.httpclient.client.protocol.ResponseProcessCookies processCookies
WARNING: Cookie rejected: &quot;[version: 0][name: rememberMe][value: deleteMe][domain: repository.mulesoft.org][path: /nexus][expiry: Fri Jul 26 16:41:20 GMT-03:00 2013]&quot;. Illegal path attribute &quot;/nexus&quot;. Path of origin: &quot;/releases/org/apache/maven/plugins/maven-metadata.xml&quot;
Downloaded: http://snapshots.repository.codehaus.org/org/codehaus/mojo/maven-metadata.xml (18 KB at 24.3 KB/sec)
Jul 26, 2013 4:41:20 PM org.apache.maven.wagon.providers.http.httpclient.client.protocol.ResponseProcessCookies processCookies
WARNING: Cookie rejected: &quot;[version: 0][name: rememberMe][value: deleteMe][domain: repository.mulesoft.org][path: /nexus][expiry: Fri Jul 26 16:41:20 GMT-03:00 2013]&quot;. Illegal path attribute &quot;/nexus&quot;. Path of origin: &quot;/releases/org/codehaus/mojo/maven-metadata.xml&quot;
Jul 26, 2013 4:41:20 PM org.apache.maven.wagon.providers.http.httpclient.client.protocol.ResponseProcessCookies processCookies
WARNING: Cookie rejected: &quot;[version: 0][name: rememberMe][value: deleteMe][domain: repository.mulesoft.org][path: /nexus][expiry: Fri Jul 26 16:41:20 GMT-03:00 2013]&quot;. Illegal path attribute &quot;/nexus&quot;. Path of origin: &quot;/releases/org/apache/maven/plugins/maven-metadata.xml.sha1&quot;
Downloaded: https://repository.mulesoft.org/releases/org/apache/maven/plugins/maven-metadata.xml (567 B at 0.3 KB/sec)
Jul 26, 2013 4:41:25 PM org.apache.maven.wagon.providers.http.httpclient.client.protocol.ResponseProcessCookies processCookies
WARNING: Cookie rejected: &quot;[version: 0][name: rememberMe][value: deleteMe][domain: repository.mulesoft.org][path: /nexus][expiry: Fri Jul 26 16:41:25 GMT-03:00 2013]&quot;. Illegal path attribute &quot;/nexus&quot;. Path of origin: &quot;/releases/org/mule/tools/maven-metadata.xml&quot;
Jul 26, 2013 4:41:25 PM org.apache.maven.wagon.providers.http.httpclient.client.protocol.ResponseProcessCookies processCookies
WARNING: Cookie rejected: &quot;[version: 0][name: rememberMe][value: deleteMe][domain: repository.mulesoft.org][path: /nexus][expiry: Fri Jul 26 16:41:25 GMT-03:00 2013]&quot;. Illegal path attribute &quot;/nexus&quot;. Path of origin: &quot;/releases/org/mule/tools/maven-metadata.xml.sha1&quot;
Downloaded: https://repository.mulesoft.org/releases/org/mule/tools/maven-metadata.xml (1 KB at 0.1 KB/sec)
Downloading: https://repository.mulesoft.org/releases/org/apache/maven/plugins/maven-archetype-plugin/maven-metadata.xml
Downloading: http://snapshots.repository.codehaus.org/org/apache/maven/plugins/maven-archetype-plugin/maven-metadata.xml
Jul 26, 2013 4:41:26 PM org.apache.maven.wagon.providers.http.httpclient.client.protocol.ResponseProcessCookies processCookies
WARNING: Cookie rejected: &quot;[version: 0][name: rememberMe][value: deleteMe][domain: repository.mulesoft.org][path: /nexus][expiry: Fri Jul 26 16:41:26 GMT-03:00 2013]&quot;. Illegal path attribute &quot;/nexus&quot;. Path of origin: &quot;/releases/org/apache/maven/plugins/maven-archetype-plugin/maven-metadata.xml&quot;
[INFO]                                                                         
[INFO] ------------------------------------------------------------------------
[INFO] Building Maven Stub Project (No POM) 1
[INFO] ------------------------------------------------------------------------
[INFO] 
[INFO] &gt;&gt;&gt; maven-archetype-plugin:2.2:generate (default-cli) @ standalone-pom &gt;&gt;&gt;
[INFO] 
[INFO] &lt;&lt;&lt; maven-archetype-plugin:2.2:generate (default-cli) @ standalone-pom &lt;&lt;&lt;
[INFO] 
[INFO] --- maven-archetype-plugin:2.2:generate (default-cli) @ standalone-pom ---
[INFO] Generating project in Batch mode
[WARNING] Archetype not found in any catalog. Falling back to central repository (http://repo1.maven.org/maven2).
[WARNING] Use -DarchetypeRepository=&lt;your repository&gt; if archetype&apos;s repository is elsewhere.
Downloading: http://repo1.maven.org/maven2/org/mule/tools/appkit/mule-appkit-archetype-mule-app/3.5-SNAPSHOT/maven-metadata.xml
Downloading: http://dev.ee.mulesource.com/repository/content/repositories/public/org/mule/tools/appkit/mule-appkit-archetype-mule-app/3.5-SNAPSHOT/maven-metadata.xml
Downloading: https://repository.jboss.org/nexus/content/repositories/org/mule/tools/appkit/mule-appkit-archetype-mule-app/3.5-SNAPSHOT/maven-metadata.xml
Downloading: https://repository.mulesoft.org/releases/org/mule/tools/appkit/mule-appkit-archetype-mule-app/3.5-SNAPSHOT/maven-metadata.xml
Jul 26, 2013 4:41:33 PM org.apache.maven.wagon.providers.http.httpclient.client.protocol.ResponseProcessCookies processCookies
WARNING: Cookie rejected: &quot;[version: 0][name: rememberMe][value: deleteMe][domain: repository.mulesoft.org][path: /nexus][expiry: Fri Jul 26 16:41:33 GMT-03:00 2013]&quot;. Illegal path attribute &quot;/nexus&quot;. Path of origin: &quot;/releases/org/mule/tools/appkit/mule-appkit-archetype-mule-app/3.5-SNAPSHOT/maven-metadata.xml&quot;
Downloading: http://dev.ee.mulesource.com/repository/content/repositories/mule-ee-dependencies/org/mule/tools/appkit/mule-appkit-archetype-mule-app/3.5-SNAPSHOT/maven-metadata.xml
Downloading: http://dev.ee.mulesource.com/repository/content/repositories/snapshots/org/mule/tools/appkit/mule-appkit-archetype-mule-app/3.5-SNAPSHOT/maven-metadata.xml
Downloading: https://repository.mulesoft.org/nexus-ee/content/repositories/releases-ee/org/mule/tools/appkit/mule-appkit-archetype-mule-app/3.5-SNAPSHOT/maven-metadata.xml
Jul 26, 2013 4:41:34 PM org.apache.maven.wagon.providers.http.httpclient.client.protocol.ResponseProcessCookies processCookies
WARNING: Cookie rejected: &quot;[version: 0][name: rememberMe][value: deleteMe][domain: repository.mulesoft.org][path: /nexus][expiry: Fri Jul 26 16:41:34 GMT-03:00 2013]&quot;. Illegal path attribute &quot;/nexus&quot;. Path of origin: &quot;/nexus-ee/content/repositories/releases-ee/org/mule/tools/appkit/mule-appkit-archetype-mule-app/3.5-SNAPSHOT/maven-metadata.xml&quot;
Jul 26, 2013 4:41:34 PM org.apache.maven.wagon.providers.http.httpclient.client.protocol.ResponseProcessCookies processCookies
WARNING: Cookie rejected: &quot;[version: 0][name: rememberMe][value: deleteMe][domain: repository.mulesoft.org][path: /nexus][expiry: Fri Jul 26 16:41:34 GMT-03:00 2013]&quot;. Illegal path attribute &quot;/nexus&quot;. Path of origin: &quot;/nexus-ee/content/repositories/releases-ee/org/mule/tools/appkit/mule-appkit-archetype-mule-app/3.5-SNAPSHOT/maven-metadata.xml&quot;
Downloading: http://repo1.maven.org/maven2/org/mule/tools/appkit/mule-appkit-archetype-mule-app/3.5-SNAPSHOT/mule-appkit-archetype-mule-app-3.5-SNAPSHOT.jar
Downloading: https://repository.jboss.org/nexus/content/repositories/org/mule/tools/appkit/mule-appkit-archetype-mule-app/3.5-SNAPSHOT/mule-appkit-archetype-mule-app-3.5-SNAPSHOT.jar
Downloading: http://dev.ee.mulesource.com/repository/content/repositories/public/org/mule/tools/appkit/mule-appkit-archetype-mule-app/3.5-SNAPSHOT/mule-appkit-archetype-mule-app-3.5-SNAPSHOT.jar
Downloading: https://repository.mulesoft.org/releases/org/mule/tools/appkit/mule-appkit-archetype-mule-app/3.5-SNAPSHOT/mule-appkit-archetype-mule-app-3.5-SNAPSHOT.jar
Jul 26, 2013 4:41:36 PM org.apache.maven.wagon.providers.http.httpclient.client.protocol.ResponseProcessCookies processCookies
WARNING: Cookie rejected: &quot;[version: 0][name: rememberMe][value: deleteMe][domain: repository.mulesoft.org][path: /nexus][expiry: Fri Jul 26 16:41:36 GMT-03:00 2013]&quot;. Illegal path attribute &quot;/nexus&quot;. Path of origin: &quot;/releases/org/mule/tools/appkit/mule-appkit-archetype-mule-app/3.5-SNAPSHOT/mule-appkit-archetype-mule-app-3.5-SNAPSHOT.jar&quot;
Downloading: http://dev.ee.mulesource.com/repository/content/repositories/mule-ee-dependencies/org/mule/tools/appkit/mule-appkit-archetype-mule-app/3.5-SNAPSHOT/mule-appkit-archetype-mule-app-3.5-SNAPSHOT.jar
Downloading: http://dev.ee.mulesource.com/repository/content/repositories/snapshots/org/mule/tools/appkit/mule-appkit-archetype-mule-app/3.5-SNAPSHOT/mule-appkit-archetype-mule-app-3.5-SNAPSHOT.jar
Downloading: https://repository.mulesoft.org/nexus-ee/content/repositories/releases-ee/org/mule/tools/appkit/mule-appkit-archetype-mule-app/3.5-SNAPSHOT/mule-appkit-archetype-mule-app-3.5-SNAPSHOT.jar
Jul 26, 2013 4:41:37 PM org.apache.maven.wagon.providers.http.httpclient.client.protocol.ResponseProcessCookies processCookies
WARNING: Cookie rejected: &quot;[version: 0][name: rememberMe][value: deleteMe][domain: repository.mulesoft.org][path: /nexus][expiry: Fri Jul 26 16:41:37 GMT-03:00 2013]&quot;. Illegal path attribute &quot;/nexus&quot;. Path of origin: &quot;/nexus-ee/content/repositories/releases-ee/org/mule/tools/appkit/mule-appkit-archetype-mule-app/3.5-SNAPSHOT/mule-appkit-archetype-mule-app-3.5-SNAPSHOT.jar&quot;
Jul 26, 2013 4:41:37 PM org.apache.maven.wagon.providers.http.httpclient.client.protocol.ResponseProcessCookies processCookies
WARNING: Cookie rejected: &quot;[version: 0][name: rememberMe][value: deleteMe][domain: repository.mulesoft.org][path: /nexus][expiry: Fri Jul 26 16:41:37 GMT-03:00 2013]&quot;. Illegal path attribute &quot;/nexus&quot;. Path of origin: &quot;/nexus-ee/content/repositories/releases-ee/org/mule/tools/appkit/mule-appkit-archetype-mule-app/3.5-SNAPSHOT/mule-appkit-archetype-mule-app-3.5-SNAPSHOT.jar&quot;
[INFO] ------------------------------------------------------------------------
[INFO] BUILD FAILURE
[INFO] ------------------------------------------------------------------------
[INFO] Total time: 19.784s
[INFO] Finished at: Fri Jul 26 16:41:37 GMT-03:00 2013
[INFO] Final Memory: 10M/81M
[INFO] ------------------------------------------------------------------------
[ERROR] Failed to execute goal org.apache.maven.plugins:maven-archetype-plugin:2.2:generate (default-cli) on project standalone-pom: The desired archetype does not exist (org.mule.tools.appkit:mule-appkit-archetype-mule-app:3.5-SNAPSHOT) -&gt; [Help 1]
org.apache.maven.lifecycle.LifecycleExecutionException: Failed to execute goal org.apache.maven.plugins:maven-archetype-plugin:2.2:generate (default-cli) on project standalone-pom: The desired archetype does not exist (org.mule.tools.appkit:mule-appkit-archetype-mule-app:3.5-SNAPSHOT)
	at org.apache.maven.lifecycle.internal.MojoExecutor.execute(MojoExecutor.java:213)
	at org.apache.maven.lifecycle.internal.MojoExecutor.execute(MojoExecutor.java:153)
	at org.apache.maven.lifecycle.internal.MojoExecutor.execute(MojoExecutor.java:145)
	at org.apache.maven.lifecycle.internal.LifecycleModuleBuilder.buildProject(LifecycleModuleBuilder.java:84)
	at org.apache.maven.lifecycle.internal.LifecycleModuleBuilder.buildProject(LifecycleModuleBuilder.java:59)
	at org.apache.maven.lifecycle.internal.LifecycleStarter.singleThreadedBuild(LifecycleStarter.java:183)
	at org.apache.maven.lifecycle.internal.LifecycleStarter.execute(LifecycleStarter.java:161)
	at org.apache.maven.DefaultMaven.doExecute(DefaultMaven.java:320)
	at org.apache.maven.DefaultMaven.execute(DefaultMaven.java:156)
	at org.apache.maven.cli.MavenCli.execute(MavenCli.java:537)
	at org.apache.maven.cli.MavenCli.doMain(MavenCli.java:196)
	at org.apache.maven.cli.MavenCli.main(MavenCli.java:141)
	at sun.reflect.NativeMethodAccessorImpl.invoke0(Native Method)
	at sun.reflect.NativeMethodAccessorImpl.invoke(NativeMethodAccessorImpl.java:39)
	at sun.reflect.DelegatingMethodAccessorImpl.invoke(DelegatingMethodAccessorImpl.java:25)
	at java.lang.reflect.Method.invoke(Method.java:597)
	at org.codehaus.plexus.classworlds.launcher.Launcher.launchEnhanced(Launcher.java:290)
	at org.codehaus.plexus.classworlds.launcher.Launcher.launch(Launcher.java:230)
	at org.codehaus.plexus.classworlds.launcher.Launcher.mainWithExitCode(Launcher.java:409)
	at org.codehaus.plexus.classworlds.launcher.Launcher.main(Launcher.java:352)
Caused by: org.apache.maven.plugin.MojoFailureException: The desired archetype does not exist (org.mule.tools.appkit:mule-appkit-archetype-mule-app:3.5-SNAPSHOT)
	at org.apache.maven.archetype.mojos.CreateProjectFromArchetypeMojo.execute(CreateProjectFromArchetypeMojo.java:221)
	at org.apache.maven.plugin.DefaultBuildPluginManager.executeMojo(DefaultBuildPluginManager.java:101)
	at org.apache.maven.lifecycle.internal.MojoExecutor.execute(MojoExecutor.java:209)
	... 19 more
Caused by: org.apache.maven.archetype.exception.UnknownArchetype: The desired archetype does not exist (org.mule.tools.appkit:mule-appkit-archetype-mule-app:3.5-SNAPSHOT)
	at org.apache.maven.archetype.ui.generation.DefaultArchetypeGenerationConfigurator.configureArchetype(DefaultArchetypeGenerationConfigurator.java:117)
	at org.apache.maven.archetype.mojos.CreateProjectFromArchetypeMojo.execute(CreateProjectFromArchetypeMojo.java:205)
	... 21 more
[ERROR] 
[ERROR] Re-run Maven using the -X switch to enable full debug logging.
[ERROR] 
[ERROR] For more information about the errors and possible solutions, please read the following articles:
[ERROR] [Help 1] http://cwiki.apache.org/confluence/display/MAVEN/MojoFailureException
" type="org.apache.maven.it.VerificationException">org.apache.maven.it.VerificationException: Exit code was non-zero: 1; command line and log = 
/usr/local/apache-maven/apache-maven-3.0.5/bin/mvn -e --batch-mode -DaddAppToClasspath=false -DarchetypeVersion=3.5-SNAPSHOT -Dmodules=client,cxf,management,scripting,sxc,xml,context,spring-security -Dtransports=file,http,jdbc,jms,vm -DgroupId=com.mulesoft.support -DmuleVersion=3.3.0 -DarchetypeArtifactId=mule-appkit-archetype-mule-app -Dversion=1.0-SNAPSHOT -DarchetypeGroupId=org.mule.tools.appkit -DstudioNature=true -Dpackage=com.myCompany -Ddescription= -DartifactId=test-case -DEE=false -DforgeProject=n -Dmaven.repo.local=/Users/miguel/.m2/repository archetype:generate
[INFO] Error stacktraces are turned on.
[INFO] Scanning for projects...
Downloading: http://snapshots.repository.codehaus.org/org/mule/tools/maven-metadata.xml
Downloading: https://repository.mulesoft.org/releases/org/apache/maven/plugins/maven-metadata.xml
Downloading: http://snapshots.repository.codehaus.org/org/apache/maven/plugins/maven-metadata.xml
Downloading: https://repository.mulesoft.org/releases/org/mule/tools/maven-metadata.xml
Downloading: https://repository.mulesoft.org/releases/org/codehaus/mojo/maven-metadata.xml
Downloaded: http://snapshots.repository.codehaus.org/org/mule/tools/maven-metadata.xml (3 KB at 3.0 KB/sec)
Downloading: http://snapshots.repository.codehaus.org/org/codehaus/mojo/maven-metadata.xml
Jul 26, 2013 4:41:20 PM org.apache.maven.wagon.providers.http.httpclient.client.protocol.ResponseProcessCookies processCookies
WARNING: Cookie rejected: &quot;[version: 0][name: rememberMe][value: deleteMe][domain: repository.mulesoft.org][path: /nexus][expiry: Fri Jul 26 16:41:20 GMT-03:00 2013]&quot;. Illegal path attribute &quot;/nexus&quot;. Path of origin: &quot;/releases/org/apache/maven/plugins/maven-metadata.xml&quot;
Downloaded: http://snapshots.repository.codehaus.org/org/codehaus/mojo/maven-metadata.xml (18 KB at 24.3 KB/sec)
Jul 26, 2013 4:41:20 PM org.apache.maven.wagon.providers.http.httpclient.client.protocol.ResponseProcessCookies processCookies
WARNING: Cookie rejected: &quot;[version: 0][name: rememberMe][value: deleteMe][domain: repository.mulesoft.org][path: /nexus][expiry: Fri Jul 26 16:41:20 GMT-03:00 2013]&quot;. Illegal path attribute &quot;/nexus&quot;. Path of origin: &quot;/releases/org/codehaus/mojo/maven-metadata.xml&quot;
Jul 26, 2013 4:41:20 PM org.apache.maven.wagon.providers.http.httpclient.client.protocol.ResponseProcessCookies processCookies
WARNING: Cookie rejected: &quot;[version: 0][name: rememberMe][value: deleteMe][domain: repository.mulesoft.org][path: /nexus][expiry: Fri Jul 26 16:41:20 GMT-03:00 2013]&quot;. Illegal path attribute &quot;/nexus&quot;. Path of origin: &quot;/releases/org/apache/maven/plugins/maven-metadata.xml.sha1&quot;
Downloaded: https://repository.mulesoft.org/releases/org/apache/maven/plugins/maven-metadata.xml (567 B at 0.3 KB/sec)
Jul 26, 2013 4:41:25 PM org.apache.maven.wagon.providers.http.httpclient.client.protocol.ResponseProcessCookies processCookies
WARNING: Cookie rejected: &quot;[version: 0][name: rememberMe][value: deleteMe][domain: repository.mulesoft.org][path: /nexus][expiry: Fri Jul 26 16:41:25 GMT-03:00 2013]&quot;. Illegal path attribute &quot;/nexus&quot;. Path of origin: &quot;/releases/org/mule/tools/maven-metadata.xml&quot;
Jul 26, 2013 4:41:25 PM org.apache.maven.wagon.providers.http.httpclient.client.protocol.ResponseProcessCookies processCookies
WARNING: Cookie rejected: &quot;[version: 0][name: rememberMe][value: deleteMe][domain: repository.mulesoft.org][path: /nexus][expiry: Fri Jul 26 16:41:25 GMT-03:00 2013]&quot;. Illegal path attribute &quot;/nexus&quot;. Path of origin: &quot;/releases/org/mule/tools/maven-metadata.xml.sha1&quot;
Downloaded: https://repository.mulesoft.org/releases/org/mule/tools/maven-metadata.xml (1 KB at 0.1 KB/sec)
Downloading: https://repository.mulesoft.org/releases/org/apache/maven/plugins/maven-archetype-plugin/maven-metadata.xml
Downloading: http://snapshots.repository.codehaus.org/org/apache/maven/plugins/maven-archetype-plugin/maven-metadata.xml
Jul 26, 2013 4:41:26 PM org.apache.maven.wagon.providers.http.httpclient.client.protocol.ResponseProcessCookies processCookies
WARNING: Cookie rejected: &quot;[version: 0][name: rememberMe][value: deleteMe][domain: repository.mulesoft.org][path: /nexus][expiry: Fri Jul 26 16:41:26 GMT-03:00 2013]&quot;. Illegal path attribute &quot;/nexus&quot;. Path of origin: &quot;/releases/org/apache/maven/plugins/maven-archetype-plugin/maven-metadata.xml&quot;
[INFO]                                                                         
[INFO] ------------------------------------------------------------------------
[INFO] Building Maven Stub Project (No POM) 1
[INFO] ------------------------------------------------------------------------
[INFO] 
[INFO] &gt;&gt;&gt; maven-archetype-plugin:2.2:generate (default-cli) @ standalone-pom &gt;&gt;&gt;
[INFO] 
[INFO] &lt;&lt;&lt; maven-archetype-plugin:2.2:generate (default-cli) @ standalone-pom &lt;&lt;&lt;
[INFO] 
[INFO] --- maven-archetype-plugin:2.2:generate (default-cli) @ standalone-pom ---
[INFO] Generating project in Batch mode
[WARNING] Archetype not found in any catalog. Falling back to central repository (http://repo1.maven.org/maven2).
[WARNING] Use -DarchetypeRepository=&lt;your repository&gt; if archetype&apos;s repository is elsewhere.
Downloading: http://repo1.maven.org/maven2/org/mule/tools/appkit/mule-appkit-archetype-mule-app/3.5-SNAPSHOT/maven-metadata.xml
Downloading: http://dev.ee.mulesource.com/repository/content/repositories/public/org/mule/tools/appkit/mule-appkit-archetype-mule-app/3.5-SNAPSHOT/maven-metadata.xml
Downloading: https://repository.jboss.org/nexus/content/repositories/org/mule/tools/appkit/mule-appkit-archetype-mule-app/3.5-SNAPSHOT/maven-metadata.xml
Downloading: https://repository.mulesoft.org/releases/org/mule/tools/appkit/mule-appkit-archetype-mule-app/3.5-SNAPSHOT/maven-metadata.xml
Jul 26, 2013 4:41:33 PM org.apache.maven.wagon.providers.http.httpclient.client.protocol.ResponseProcessCookies processCookies
WARNING: Cookie rejected: &quot;[version: 0][name: rememberMe][value: deleteMe][domain: repository.mulesoft.org][path: /nexus][expiry: Fri Jul 26 16:41:33 GMT-03:00 2013]&quot;. Illegal path attribute &quot;/nexus&quot;. Path of origin: &quot;/releases/org/mule/tools/appkit/mule-appkit-archetype-mule-app/3.5-SNAPSHOT/maven-metadata.xml&quot;
Downloading: http://dev.ee.mulesource.com/repository/content/repositories/mule-ee-dependencies/org/mule/tools/appkit/mule-appkit-archetype-mule-app/3.5-SNAPSHOT/maven-metadata.xml
Downloading: http://dev.ee.mulesource.com/repository/content/repositories/snapshots/org/mule/tools/appkit/mule-appkit-archetype-mule-app/3.5-SNAPSHOT/maven-metadata.xml
Downloading: https://repository.mulesoft.org/nexus-ee/content/repositories/releases-ee/org/mule/tools/appkit/mule-appkit-archetype-mule-app/3.5-SNAPSHOT/maven-metadata.xml
Jul 26, 2013 4:41:34 PM org.apache.maven.wagon.providers.http.httpclient.client.protocol.ResponseProcessCookies processCookies
WARNING: Cookie rejected: &quot;[version: 0][name: rememberMe][value: deleteMe][domain: repository.mulesoft.org][path: /nexus][expiry: Fri Jul 26 16:41:34 GMT-03:00 2013]&quot;. Illegal path attribute &quot;/nexus&quot;. Path of origin: &quot;/nexus-ee/content/repositories/releases-ee/org/mule/tools/appkit/mule-appkit-archetype-mule-app/3.5-SNAPSHOT/maven-metadata.xml&quot;
Jul 26, 2013 4:41:34 PM org.apache.maven.wagon.providers.http.httpclient.client.protocol.ResponseProcessCookies processCookies
WARNING: Cookie rejected: &quot;[version: 0][name: rememberMe][value: deleteMe][domain: repository.mulesoft.org][path: /nexus][expiry: Fri Jul 26 16:41:34 GMT-03:00 2013]&quot;. Illegal path attribute &quot;/nexus&quot;. Path of origin: &quot;/nexus-ee/content/repositories/releases-ee/org/mule/tools/appkit/mule-appkit-archetype-mule-app/3.5-SNAPSHOT/maven-metadata.xml&quot;
Downloading: http://repo1.maven.org/maven2/org/mule/tools/appkit/mule-appkit-archetype-mule-app/3.5-SNAPSHOT/mule-appkit-archetype-mule-app-3.5-SNAPSHOT.jar
Downloading: https://repository.jboss.org/nexus/content/repositories/org/mule/tools/appkit/mule-appkit-archetype-mule-app/3.5-SNAPSHOT/mule-appkit-archetype-mule-app-3.5-SNAPSHOT.jar
Downloading: http://dev.ee.mulesource.com/repository/content/repositories/public/org/mule/tools/appkit/mule-appkit-archetype-mule-app/3.5-SNAPSHOT/mule-appkit-archetype-mule-app-3.5-SNAPSHOT.jar
Downloading: https://repository.mulesoft.org/releases/org/mule/tools/appkit/mule-appkit-archetype-mule-app/3.5-SNAPSHOT/mule-appkit-archetype-mule-app-3.5-SNAPSHOT.jar
Jul 26, 2013 4:41:36 PM org.apache.maven.wagon.providers.http.httpclient.client.protocol.ResponseProcessCookies processCookies
WARNING: Cookie rejected: &quot;[version: 0][name: rememberMe][value: deleteMe][domain: repository.mulesoft.org][path: /nexus][expiry: Fri Jul 26 16:41:36 GMT-03:00 2013]&quot;. Illegal path attribute &quot;/nexus&quot;. Path of origin: &quot;/releases/org/mule/tools/appkit/mule-appkit-archetype-mule-app/3.5-SNAPSHOT/mule-appkit-archetype-mule-app-3.5-SNAPSHOT.jar&quot;
Downloading: http://dev.ee.mulesource.com/repository/content/repositories/mule-ee-dependencies/org/mule/tools/appkit/mule-appkit-archetype-mule-app/3.5-SNAPSHOT/mule-appkit-archetype-mule-app-3.5-SNAPSHOT.jar
Downloading: http://dev.ee.mulesource.com/repository/content/repositories/snapshots/org/mule/tools/appkit/mule-appkit-archetype-mule-app/3.5-SNAPSHOT/mule-appkit-archetype-mule-app-3.5-SNAPSHOT.jar
Downloading: https://repository.mulesoft.org/nexus-ee/content/repositories/releases-ee/org/mule/tools/appkit/mule-appkit-archetype-mule-app/3.5-SNAPSHOT/mule-appkit-archetype-mule-app-3.5-SNAPSHOT.jar
Jul 26, 2013 4:41:37 PM org.apache.maven.wagon.providers.http.httpclient.client.protocol.ResponseProcessCookies processCookies
WARNING: Cookie rejected: &quot;[version: 0][name: rememberMe][value: deleteMe][domain: repository.mulesoft.org][path: /nexus][expiry: Fri Jul 26 16:41:37 GMT-03:00 2013]&quot;. Illegal path attribute &quot;/nexus&quot;. Path of origin: &quot;/nexus-ee/content/repositories/releases-ee/org/mule/tools/appkit/mule-appkit-archetype-mule-app/3.5-SNAPSHOT/mule-appkit-archetype-mule-app-3.5-SNAPSHOT.jar&quot;
Jul 26, 2013 4:41:37 PM org.apache.maven.wagon.providers.http.httpclient.client.protocol.ResponseProcessCookies processCookies
WARNING: Cookie rejected: &quot;[version: 0][name: rememberMe][value: deleteMe][domain: repository.mulesoft.org][path: /nexus][expiry: Fri Jul 26 16:41:37 GMT-03:00 2013]&quot;. Illegal path attribute &quot;/nexus&quot;. Path of origin: &quot;/nexus-ee/content/repositories/releases-ee/org/mule/tools/appkit/mule-appkit-archetype-mule-app/3.5-SNAPSHOT/mule-appkit-archetype-mule-app-3.5-SNAPSHOT.jar&quot;
[INFO] ------------------------------------------------------------------------
[INFO] BUILD FAILURE
[INFO] ------------------------------------------------------------------------
[INFO] Total time: 19.784s
[INFO] Finished at: Fri Jul 26 16:41:37 GMT-03:00 2013
[INFO] Final Memory: 10M/81M
[INFO] ------------------------------------------------------------------------
[ERROR] Failed to execute goal org.apache.maven.plugins:maven-archetype-plugin:2.2:generate (default-cli) on project standalone-pom: The desired archetype does not exist (org.mule.tools.appkit:mule-appkit-archetype-mule-app:3.5-SNAPSHOT) -&gt; [Help 1]
org.apache.maven.lifecycle.LifecycleExecutionException: Failed to execute goal org.apache.maven.plugins:maven-archetype-plugin:2.2:generate (default-cli) on project standalone-pom: The desired archetype does not exist (org.mule.tools.appkit:mule-appkit-archetype-mule-app:3.5-SNAPSHOT)
	at org.apache.maven.lifecycle.internal.MojoExecutor.execute(MojoExecutor.java:213)
	at org.apache.maven.lifecycle.internal.MojoExecutor.execute(MojoExecutor.java:153)
	at org.apache.maven.lifecycle.internal.MojoExecutor.execute(MojoExecutor.java:145)
	at org.apache.maven.lifecycle.internal.LifecycleModuleBuilder.buildProject(LifecycleModuleBuilder.java:84)
	at org.apache.maven.lifecycle.internal.LifecycleModuleBuilder.buildProject(LifecycleModuleBuilder.java:59)
	at org.apache.maven.lifecycle.internal.LifecycleStarter.singleThreadedBuild(LifecycleStarter.java:183)
	at org.apache.maven.lifecycle.internal.LifecycleStarter.execute(LifecycleStarter.java:161)
	at org.apache.maven.DefaultMaven.doExecute(DefaultMaven.java:320)
	at org.apache.maven.DefaultMaven.execute(DefaultMaven.java:156)
	at org.apache.maven.cli.MavenCli.execute(MavenCli.java:537)
	at org.apache.maven.cli.MavenCli.doMain(MavenCli.java:196)
	at org.apache.maven.cli.MavenCli.main(MavenCli.java:141)
	at sun.reflect.NativeMethodAccessorImpl.invoke0(Native Method)
	at sun.reflect.NativeMethodAccessorImpl.invoke(NativeMethodAccessorImpl.java:39)
	at sun.reflect.DelegatingMethodAccessorImpl.invoke(DelegatingMethodAccessorImpl.java:25)
	at java.lang.reflect.Method.invoke(Method.java:597)
	at org.codehaus.plexus.classworlds.launcher.Launcher.launchEnhanced(Launcher.java:290)
	at org.codehaus.plexus.classworlds.launcher.Launcher.launch(Launcher.java:230)
	at org.codehaus.plexus.classworlds.launcher.Launcher.mainWithExitCode(Launcher.java:409)
	at org.codehaus.plexus.classworlds.launcher.Launcher.main(Launcher.java:352)
Caused by: org.apache.maven.plugin.MojoFailureException: The desired archetype does not exist (org.mule.tools.appkit:mule-appkit-archetype-mule-app:3.5-SNAPSHOT)
	at org.apache.maven.archetype.mojos.CreateProjectFromArchetypeMojo.execute(CreateProjectFromArchetypeMojo.java:221)
	at org.apache.maven.plugin.DefaultBuildPluginManager.executeMojo(DefaultBuildPluginManager.java:101)
	at org.apache.maven.lifecycle.internal.MojoExecutor.execute(MojoExecutor.java:209)
	... 19 more
Caused by: org.apache.maven.archetype.exception.UnknownArchetype: The desired archetype does not exist (org.mule.tools.appkit:mule-appkit-archetype-mule-app:3.5-SNAPSHOT)
	at org.apache.maven.archetype.ui.generation.DefaultArchetypeGenerationConfigurator.configureArchetype(DefaultArchetypeGenerationConfigurator.java:117)
	at org.apache.maven.archetype.mojos.CreateProjectFromArchetypeMojo.execute(CreateProjectFromArchetypeMojo.java:205)
	... 21 more
[ERROR] 
[ERROR] Re-run Maven using the -X switch to enable full debug logging.
[ERROR] 
[ERROR] For more information about the errors and possible solutions, please read the following articles:
[ERROR] [Help 1] http://cwiki.apache.org/confluence/display/MAVEN/MojoFailureException

	at org.apache.maven.it.Verifier.executeGoals(Verifier.java:1397)
	at org.apache.maven.it.Verifier.executeGoal(Verifier.java:1240)
	at org.apache.maven.it.Verifier.executeGoal(Verifier.java:1234)
	at org.mule.appkit.it.MuleAppArchetypeIT.testGenerateArchetype(MuleAppArchetypeIT.java:70)
	at sun.reflect.NativeMethodAccessorImpl.invoke0(Native Method)
	at sun.reflect.NativeMethodAccessorImpl.invoke(NativeMethodAccessorImpl.java:39)
	at sun.reflect.DelegatingMethodAccessorImpl.invoke(DelegatingMethodAccessorImpl.java:25)
	at java.lang.reflect.Method.invoke(Method.java:597)
	at org.junit.runners.model.FrameworkMethod$1.runReflectiveCall(FrameworkMethod.java:44)
	at org.junit.internal.runners.model.ReflectiveCallable.run(ReflectiveCallable.java:15)
	at org.junit.runners.model.FrameworkMethod.invokeExplosively(FrameworkMethod.java:41)
	at org.junit.internal.runners.statements.InvokeMethod.evaluate(InvokeMethod.java:20)
	at org.junit.internal.runners.statements.RunBefores.evaluate(RunBefores.java:28)
	at org.junit.runners.BlockJUnit4ClassRunner.runNotIgnored(BlockJUnit4ClassRunner.java:79)
	at org.junit.runners.BlockJUnit4ClassRunner.runChild(BlockJUnit4ClassRunner.java:71)
	at org.junit.runners.BlockJUnit4ClassRunner.runChild(BlockJUnit4ClassRunner.java:49)
	at org.junit.runners.ParentRunner$3.run(ParentRunner.java:193)
	at org.junit.runners.ParentRunner$1.schedule(ParentRunner.java:52)
	at org.junit.runners.ParentRunner.runChildren(ParentRunner.java:191)
	at org.junit.runners.ParentRunner.access$000(ParentRunner.java:42)
	at org.junit.runners.ParentRunner$2.evaluate(ParentRunner.java:184)
	at org.junit.runners.ParentRunner.run(ParentRunner.java:236)
	at org.apache.maven.surefire.junit4.JUnit4TestSet.execute(JUnit4TestSet.java:35)
	at org.apache.maven.surefire.junit4.JUnit4Provider.executeTestSet(JUnit4Provider.java:115)
	at org.apache.maven.surefire.junit4.JUnit4Provider.invoke(JUnit4Provider.java:97)
	at sun.reflect.NativeMethodAccessorImpl.invoke0(Native Method)
	at sun.reflect.NativeMethodAccessorImpl.invoke(NativeMethodAccessorImpl.java:39)
	at sun.reflect.DelegatingMethodAccessorImpl.invoke(DelegatingMethodAccessorImpl.java:25)
	at java.lang.reflect.Method.invoke(Method.java:597)
	at org.apache.maven.surefire.booter.ProviderFactory$ClassLoaderProxy.invoke(ProviderFactory.java:103)
	at com.sun.proxy.$Proxy16.invoke(Unknown Source)
	at org.apache.maven.surefire.booter.SurefireStarter.invokeProvider(SurefireStarter.java:150)
	at org.apache.maven.surefire.booter.SurefireStarter.runSuitesInProcess(SurefireStarter.java:91)
	at org.apache.maven.plugin.surefire.booterclient.ForkStarter.run(ForkStarter.java:105)
	at org.apache.maven.plugin.failsafe.IntegrationTestMojo.execute(IntegrationTestMojo.java:665)
	at org.apache.maven.plugin.DefaultBuildPluginManager.executeMojo(DefaultBuildPluginManager.java:101)
	at org.apache.maven.lifecycle.internal.MojoExecutor.execute(MojoExecutor.java:209)
	at org.apache.maven.lifecycle.internal.MojoExecutor.execute(MojoExecutor.java:153)
	at org.apache.maven.lifecycle.internal.MojoExecutor.execute(MojoExecutor.java:145)
	at org.apache.maven.lifecycle.internal.LifecycleModuleBuilder.buildProject(LifecycleModuleBuilder.java:84)
	at org.apache.maven.lifecycle.internal.LifecycleModuleBuilder.buildProject(LifecycleModuleBuilder.java:59)
	at org.apache.maven.lifecycle.internal.LifecycleStarter.singleThreadedBuild(LifecycleStarter.java:183)
	at org.apache.maven.lifecycle.internal.LifecycleStarter.execute(LifecycleStarter.java:161)
	at org.apache.maven.DefaultMaven.doExecute(DefaultMaven.java:320)
	at org.apache.maven.DefaultMaven.execute(DefaultMaven.java:156)
	at org.apache.maven.cli.MavenCli.execute(MavenCli.java:537)
	at org.apache.maven.cli.MavenCli.doMain(MavenCli.java:196)
	at org.apache.maven.cli.MavenCli.main(MavenCli.java:141)
	at sun.reflect.NativeMethodAccessorImpl.invoke0(Native Method)
	at sun.reflect.NativeMethodAccessorImpl.invoke(NativeMethodAccessorImpl.java:39)
	at sun.reflect.DelegatingMethodAccessorImpl.invoke(DelegatingMethodAccessorImpl.java:25)
	at java.lang.reflect.Method.invoke(Method.java:597)
	at org.codehaus.plexus.classworlds.launcher.Launcher.launchEnhanced(Launcher.java:290)
	at org.codehaus.plexus.classworlds.launcher.Launcher.launch(Launcher.java:230)
	at org.codehaus.plexus.classworlds.launcher.Launcher.mainWithExitCode(Launcher.java:409)
	at org.codehaus.plexus.classworlds.launcher.Launcher.main(Launcher.java:352)
</error>
    <system-out>Tests run: 1, Failures: 0, Errors: 1, Skipped: 0, Time elapsed: 1.264 sec &lt;&lt;&lt; FAILURE!
Running org.mule.appkit.it.MuleAppArchetypeIT
</system-out>
  </testcase>
</testsuite>