[INFO] Error stacktraces are turned on.
[INFO] Scanning for projects...
[WARNING] The POM for org.mule.tools.appkit:mule-appkit-maven-plugin:jar:3.5-SNAPSHOT is missing, no dependency information available
[ERROR] The build could not read 1 project -> [Help 1]
org.apache.maven.project.ProjectBuildingException: Some problems were encountered while processing the POMs:
[ERROR] Unresolveable build extension: Plugin org.mule.tools.appkit:mule-appkit-maven-plugin:3.5-SNAPSHOT or one of its dependencies could not be resolved: Failure to find org.mule.tools.appkit:mule-appkit-maven-plugin:jar:3.5-SNAPSHOT in https://repository.mulesoft.org/releases/ was cached in the local repository, resolution will not be reattempted until the update interval of mulesoft-release has elapsed or updates are forced @ 
[ERROR] Unknown packaging: mule @ line 7, column 16

	at org.apache.maven.project.DefaultProjectBuilder.build(DefaultProjectBuilder.java:363)
	at org.apache.maven.DefaultMaven.collectProjects(DefaultMaven.java:636)
	at org.apache.maven.DefaultMaven.getProjectsForMavenReactor(DefaultMaven.java:585)
	at org.apache.maven.DefaultMaven.doExecute(DefaultMaven.java:234)
	at org.apache.maven.DefaultMaven.execute(DefaultMaven.java:156)
	at org.apache.maven.cli.MavenCli.execute(MavenCli.java:537)
	at org.apache.maven.cli.MavenCli.doMain(MavenCli.java:196)
	at org.apache.maven.cli.MavenCli.main(MavenCli.java:141)
	at sun.reflect.NativeMethodAccessorImpl.invoke0(Native Method)
	at sun.reflect.NativeMethodAccessorImpl.invoke(NativeMethodAccessorImpl.java:39)
	at sun.reflect.DelegatingMethodAccessorImpl.invoke(DelegatingMethodAccessorImpl.java:25)
	at java.lang.reflect.Method.invoke(Method.java:597)
	at org.codehaus.plexus.classworlds.launcher.Launcher.launchEnhanced(Launcher.java:290)
	at org.codehaus.plexus.classworlds.launcher.Launcher.launch(Launcher.java:230)
	at org.codehaus.plexus.classworlds.launcher.Launcher.mainWithExitCode(Launcher.java:409)
	at org.codehaus.plexus.classworlds.launcher.Launcher.main(Launcher.java:352)
[ERROR]   
[ERROR]   The project org.mule:exclude-direct-dependency:1.0-SNAPSHOT (/Users/miguel/Workspace/mule-appkit/integration-tests/target/integration-tests/exclude-direct-dependency/pom.xml) has 2 errors
[ERROR]     Unresolveable build extension: Plugin org.mule.tools.appkit:mule-appkit-maven-plugin:3.5-SNAPSHOT or one of its dependencies could not be resolved: Failure to find org.mule.tools.appkit:mule-appkit-maven-plugin:jar:3.5-SNAPSHOT in https://repository.mulesoft.org/releases/ was cached in the local repository, resolution will not be reattempted until the update interval of mulesoft-release has elapsed or updates are forced -> [Help 2]
org.apache.maven.plugin.PluginResolutionException: Plugin org.mule.tools.appkit:mule-appkit-maven-plugin:3.5-SNAPSHOT or one of its dependencies could not be resolved: Failure to find org.mule.tools.appkit:mule-appkit-maven-plugin:jar:3.5-SNAPSHOT in https://repository.mulesoft.org/releases/ was cached in the local repository, resolution will not be reattempted until the update interval of mulesoft-release has elapsed or updates are forced
	at org.apache.maven.plugin.internal.DefaultPluginDependenciesResolver.resolve(DefaultPluginDependenciesResolver.java:215)
	at org.apache.maven.project.DefaultProjectBuildingHelper.resolveExtensionArtifacts(DefaultProjectBuildingHelper.java:377)
	at org.apache.maven.project.DefaultProjectBuildingHelper.createProjectRealm(DefaultProjectBuildingHelper.java:237)
	at org.apache.maven.project.DefaultModelBuildingListener.buildExtensionsAssembled(DefaultModelBuildingListener.java:106)
	at org.apache.maven.model.building.ModelBuildingEventCatapult$1.fire(ModelBuildingEventCatapult.java:43)
	at org.apache.maven.model.building.DefaultModelBuilder.fireEvent(DefaultModelBuilder.java:1053)
	at org.apache.maven.model.building.DefaultModelBuilder.build(DefaultModelBuilder.java:388)
	at org.apache.maven.model.building.DefaultModelBuilder.build(DefaultModelBuilder.java:371)
	at org.apache.maven.project.DefaultProjectBuilder.build(DefaultProjectBuilder.java:560)
	at org.apache.maven.project.DefaultProjectBuilder.build(DefaultProjectBuilder.java:352)
	at org.apache.maven.DefaultMaven.collectProjects(DefaultMaven.java:636)
	at org.apache.maven.DefaultMaven.getProjectsForMavenReactor(DefaultMaven.java:585)
	at org.apache.maven.DefaultMaven.doExecute(DefaultMaven.java:234)
	at org.apache.maven.DefaultMaven.execute(DefaultMaven.java:156)
	at org.apache.maven.cli.MavenCli.execute(MavenCli.java:537)
	at org.apache.maven.cli.MavenCli.doMain(MavenCli.java:196)
	at org.apache.maven.cli.MavenCli.main(MavenCli.java:141)
	at sun.reflect.NativeMethodAccessorImpl.invoke0(Native Method)
	at sun.reflect.NativeMethodAccessorImpl.invoke(NativeMethodAccessorImpl.java:39)
	at sun.reflect.DelegatingMethodAccessorImpl.invoke(DelegatingMethodAccessorImpl.java:25)
	at java.lang.reflect.Method.invoke(Method.java:597)
	at org.codehaus.plexus.classworlds.launcher.Launcher.launchEnhanced(Launcher.java:290)
	at org.codehaus.plexus.classworlds.launcher.Launcher.launch(Launcher.java:230)
	at org.codehaus.plexus.classworlds.launcher.Launcher.mainWithExitCode(Launcher.java:409)
	at org.codehaus.plexus.classworlds.launcher.Launcher.main(Launcher.java:352)
Caused by: org.sonatype.aether.resolution.ArtifactResolutionException: Failure to find org.mule.tools.appkit:mule-appkit-maven-plugin:jar:3.5-SNAPSHOT in https://repository.mulesoft.org/releases/ was cached in the local repository, resolution will not be reattempted until the update interval of mulesoft-release has elapsed or updates are forced
	at org.sonatype.aether.impl.internal.DefaultArtifactResolver.resolve(DefaultArtifactResolver.java:538)
	at org.sonatype.aether.impl.internal.DefaultArtifactResolver.resolveArtifacts(DefaultArtifactResolver.java:216)
	at org.sonatype.aether.impl.internal.DefaultRepositorySystem.resolveDependencies(DefaultRepositorySystem.java:358)
	at org.apache.maven.plugin.internal.DefaultPluginDependenciesResolver.resolve(DefaultPluginDependenciesResolver.java:207)
	... 24 more
Caused by: org.sonatype.aether.transfer.ArtifactNotFoundException: Failure to find org.mule.tools.appkit:mule-appkit-maven-plugin:jar:3.5-SNAPSHOT in https://repository.mulesoft.org/releases/ was cached in the local repository, resolution will not be reattempted until the update interval of mulesoft-release has elapsed or updates are forced
	at org.sonatype.aether.impl.internal.DefaultUpdateCheckManager.newException(DefaultUpdateCheckManager.java:230)
	at org.sonatype.aether.impl.internal.DefaultUpdateCheckManager.checkArtifact(DefaultUpdateCheckManager.java:204)
	at org.sonatype.aether.impl.internal.DefaultArtifactResolver.resolve(DefaultArtifactResolver.java:427)
	... 27 more
[ERROR]     Unknown packaging: mule @ line 7, column 16
[ERROR] 
[ERROR] Re-run Maven using the -X switch to enable full debug logging.
[ERROR] 
[ERROR] For more information about the errors and possible solutions, please read the following articles:
[ERROR] [Help 1] http://cwiki.apache.org/confluence/display/MAVEN/ProjectBuildingException
[ERROR] [Help 2] http://cwiki.apache.org/confluence/display/MAVEN/PluginResolutionException
